make all --print-data-base --no-builtin-variables --no-builtin-rules --question
make: *** No rule to make target 'all'.  Stop.

# GNU Make 4.2.1
# Built for x86_64-pc-linux-gnu
# Copyright (C) 1988-2016 Free Software Foundation, Inc.
# License GPLv3+: GNU GPL version 3 or later <http://gnu.org/licenses/gpl.html>
# This is free software: you are free to change and redistribute it.
# There is NO WARRANTY, to the extent permitted by law.

# Make data base, printed on Mon Jun 27 03:12:44 2022

# Variables

# 'override' directive
GNUMAKEFLAGS := 
# automatic
<D = $(patsubst %/,%,$(dir $<))
# automatic
?F = $(notdir $?)
# environment
DESKTOP_SESSION = ubuntu
# default
.SHELLFLAGS := -c
# environment
XDG_SESSION_CLASS = user
# environment
SNAP_COMMON = /var/snap/code/common
# environment
XDG_SESSION_TYPE = x11
# environment
VSCODE_LOG_NATIVE = false
# automatic
?D = $(patsubst %/,%,$(dir $?))
# environment
IM_CONFIG_PHASE = 1
# automatic
@D = $(patsubst %/,%,$(dir $@))
# environment
XAUTHORITY = /run/user/1000/gdm/Xauthority
# environment
GDMSESSION = ubuntu
# environment
XMODIFIERS = @im=ibus
# makefile
CURDIR := /home/thiago/Documents/myBot
# makefile
SHELL = /bin/sh
# environment
SNAP_DATA = /var/snap/code/99
# environment
VSCODE_NLS_CONFIG = {"locale":"en-us","availableLanguages":{},"_languagePackSupport":true}
# environment
JOURNAL_STREAM = 8:68381
# environment
XDG_CONFIG_DIRS = /etc/xdg/xdg-ubuntu:/etc/xdg
# environment
SNAP_INSTANCE_NAME = code
# environment
SNAP_ARCH = amd64
# makefile (from 'makefile', line 1)
MAKEFILE_LIST :=  makefile
# automatic
@F = $(notdir $@)
# environment
GIO_LAUNCHED_DESKTOP_FILE = /var/lib/snapd/desktop/applications/code_code.desktop
# environment
USERNAME = thiago
# environment
MAKELEVEL := 0
# environment
MANDATORY_PATH = /usr/share/gconf/ubuntu.mandatory.path
# environment
XDG_DATA_DIRS = /usr/share/ubuntu:/usr/local/share/:/usr/share/:/var/lib/snapd/desktop
# environment
DBUS_SESSION_BUS_ADDRESS = unix:path=/run/user/1000/bus
# environment
VSCODE_VERBOSE_LOGGING = true
# environment
_ = /snap/code/99/usr/share/code/code
# environment
LC_CTYPE = pt_BR.UTF-8
# environment
MANAGERPID = 5194
# environment
LESSOPEN = | /usr/bin/lesspipe %s
# environment
LC_NAME = pt_BR.UTF-8
# environment
VSCODE_CWD = /home/thiago
# environment
GSETTINGS_SCHEMA_DIR = /snap/code/99/usr/share/glib-2.0/schemas
# default
MAKE_HOST := x86_64-pc-linux-gnu
# environment
PATH = /usr/local/sbin:/usr/local/bin:/usr/sbin:/usr/bin:/sbin:/bin:/usr/games:/usr/local/games:/snap/bin
# environment
GPG_AGENT_INFO = /run/user/1000/gnupg/S.gpg-agent:0:1
# environment
SESSION_MANAGER = local/thiago-gomes:@/tmp/.ICE-unix/6128,unix/thiago-gomes:/tmp/.ICE-unix/6128
# environment
XDG_RUNTIME_DIR = /run/user/1000
# environment
GDK_PIXBUF_MODULE_FILE = /home/thiago/snap/code/common/.cache/gdk-pixbuf-loaders.cache
# environment
SNAP = /snap/code/99
# environment
SNAP_VERSION = 30d9c6cd
# environment
XDG_MENU_PREFIX = gnome-
# environment
VSCODE_LOG_STACK = false
# environment
DISABLE_WAYLAND = 1
# environment
ELECTRON_RUN_AS_NODE = 1
# environment
INVOCATION_ID = 34a25a9a0c954cc4aa7cc338ff3016e2
# environment
GDK_PIXBUF_MODULEDIR = /snap/code/99/usr/lib/x86_64-linux-gnu/gdk-pixbuf-2.0/2.10.0/loaders
# default
.FEATURES := target-specific order-only second-expansion else-if shortest-stem undefine oneshell archives jobserver output-sync check-symlink load
# environment
LS_COLORS = 
# environment
XDG_SESSION_DESKTOP = ubuntu
# environment
SSH_AUTH_SOCK = /run/user/1000/keyring/ssh
# environment
GIO_LAUNCHED_DESKTOP_FILE_PID = 7334
# automatic
%F = $(notdir $%)
# environment
DISPLAY = :0
# environment
VSCODE_PIPE_LOGGING = true
# environment
SNAP_INSTANCE_KEY = 
# environment
PWD = /home/thiago/Documents/myBot
# default
.LOADED := 
# environment
SSH_AGENT_PID = 5954
# environment
ORIGINAL_XDG_CURRENT_DESKTOP = ubuntu:GNOME
# environment
GTK_MODULES = gail:atk-bridge
# environment
VSCODE_AMD_ENTRYPOINT = vs/workbench/api/node/extensionHostProcess
# environment
HOME = /home/thiago
# environment
LESSCLOSE = /usr/bin/lesspipe %s %s
# environment
VSCODE_CLI = 1
# environment
VSCODE_CODE_CACHE_PATH = /home/thiago/.config/Code/CachedData/30d9c6cd9483b2cc586687151bcbcd635f373630
# environment
LOGNAME = thiago
# environment
APPLICATION_INSIGHTS_NO_DIAGNOSTIC_CHANNEL = 1
# environment
SNAP_LIBRARY_PATH = /var/lib/snapd/lib/gl:/var/lib/snapd/lib/gl32:/var/lib/snapd/void
# environment
SNAP_CONTEXT = sZiEukwgLvIJzkfxNZ8wfodxPmgza3faZlUKrZ4_My9AR-2uDCC3
# automatic
+F = $(notdir $+)
# environment
ELECTRON_NO_ATTACH_CONSOLE = 1
# environment
SNAP_USER_COMMON = /home/thiago/snap/code/common
# environment
VSCODE_HANDLES_UNCAUGHT_ERRORS = true
# environment
GNOME_DESKTOP_SESSION_ID = this-is-deprecated
# automatic
^D = $(patsubst %/,%,$(dir $^))
# environment
LC_TIME = pt_BR.UTF-8
# environment
SNAP_REAL_HOME = /home/thiago
# default
MAKE = $(MAKE_COMMAND)
# default
MAKECMDGOALS := all
# environment
QT_IM_MODULE = ibus
# environment
SNAP_USER_DATA = /home/thiago/snap/code/99
# environment
SHLVL = 0
# environment
GNOME_SHELL_SESSION_MODE = ubuntu
# environment
VSCODE_IPC_HOOK_EXTHOST = /run/user/1000/vscode-ipc-2231eed8-b7de-434e-b375-54e5d0084a86.sock
# default
MAKE_VERSION := 4.2.1
# environment
USER = thiago
# environment
SNAP_REVISION = 99
# environment
LC_MONETARY = pt_BR.UTF-8
# makefile
.DEFAULT_GOAL := build
# environment
XDG_CURRENT_DESKTOP = Unity
# automatic
%D = $(patsubst %/,%,$(dir $%))
# environment
LC_TELEPHONE = pt_BR.UTF-8
# default
MAKE_COMMAND := make
# default
.VARIABLES := 
# automatic
*F = $(notdir $*)
# environment
VSCODE_IPC_HOOK = /run/user/1000/vscode-ba0de0d3-1.68.1-main.sock
# environment
BAMF_DESKTOP_FILE_HINT = /var/lib/snapd/desktop/applications/code_code.desktop
# makefile
MAKEFLAGS = pqrR
# environment
MFLAGS = -pqrR
# automatic
*D = $(patsubst %/,%,$(dir $*))
# automatic
+D = $(patsubst %/,%,$(dir $+))
# environment
GDK_BACKEND = x11
# environment
LC_PAPER = pt_BR.UTF-8
# environment
LC_IDENTIFICATION = pt_BR.UTF-8
# environment
QT_ACCESSIBILITY = 1
# environment
DEFAULTS_PATH = /usr/share/gconf/ubuntu.default.path
# default
MAKEFILES := 
# environment
SNAP_COOKIE = sZiEukwgLvIJzkfxNZ8wfodxPmgza3faZlUKrZ4_My9AR-2uDCC3
# environment
LC_NUMERIC = pt_BR.UTF-8
# automatic
<F = $(notdir $<)
# environment
LC_MEASUREMENT = pt_BR.UTF-8
# environment
SNAP_NAME = code
# environment
LC_ALL = C
# environment
GJS_DEBUG_TOPICS = JS ERROR;JS LOG
# automatic
^F = $(notdir $^)
# default
SUFFIXES := 
# environment
SNAP_REEXEC = 
# environment
CHROME_DESKTOP = code-url-handler.desktop
# environment
WINDOWPATH = 2
# default
.INCLUDE_DIRS = /usr/include /usr/local/include /usr/include
# environment
GJS_DEBUG_OUTPUT = stderr
# default
.RECIPEPREFIX := 
# environment
LC_ADDRESS = pt_BR.UTF-8
# environment
LANG = C
# environment
VSCODE_PID = 7437
# variable set hash-table stats:
# Load=132/1024=13%, Rehash=0, Collisions=25/157=16%

# Pattern-specific Variable Values
 

# No pattern-specific variable values.

# Directories

# . (device 2050, inode 11807315): 26 files, no impossibilities.

# 26 files, no impossibilities in 1 directories.

# Implicit Rules

# No implicit rules.

# Files

postgres:
#  Implicit rule search has not been done.
#  Modification time never checked.
#  File has not been updated.
#  recipe to execute (from 'makefile', line 24):
	docker run -d \
		--name bot-postgres \
		-e POSTGRES_USER=thbmg \
		-e POSTGRES_PASSWORD=thbmg \
		-e PGDATA=/var/lib/postgresql/data/pgdata \
		-v /custom/mount:/var/lib/postgresql/data \
		-p 5432:5432 \
		postgres

# Not a target:
all:
#  Command line target.
#  Implicit rule search has been done.
#  File does not exist.
#  File has not been updated.

api:
#  Implicit rule search has not been done.
#  Modification time never checked.
#  File has not been updated.
#  recipe to execute (from 'makefile', line 6):
	make train
	rasa run --endpoints endpoints.yml -p 8000 --cors "*" --auth-token 0d0a3081bfff925160bbbe9755ad8c196ab51414

train:
#  Implicit rule search has not been done.
#  Modification time never checked.
#  File has not been updated.
#  recipe to execute (from 'makefile', line 9):
	rm -rf ./models/*
	rasa train --config ./config/config-whiteSpace.yml

test:
#  Implicit rule search has not been done.
#  Modification time never checked.
#  File has not been updated.
#  recipe to execute (from 'makefile', line 18):
	rasa test core --stories ./tests/test_faq.yml --out results

# Not a target:
makefile:
#  Implicit rule search has been done.
#  Last modified 2022-06-27 00:10:42.074189249
#  File has been updated.
#  Successfully updated.

build:
#  Implicit rule search has not been done.
#  Modification time never checked.
#  File has not been updated.
#  recipe to execute (from 'makefile', line 2):
	apt-get update && apt-get install -y --no-install-recommends libxmlsec1-dev
	pip install --upgrade pip && pip install -r requirements.txt
	python -m spacy download pt_core_news_lg

formatter:
#  Implicit rule search has not been done.
#  Modification time never checked.
#  File has not been updated.
#  recipe to execute (from 'makefile', line 20):
	black --verbose --config pyproject.toml actions tests

# Not a target:
.DEFAULT:
#  Implicit rule search has not been done.
#  Modification time never checked.
#  File has not been updated.

interactive:
#  Implicit rule search has not been done.
#  Modification time never checked.
#  File has not been updated.
#  recipe to execute (from 'makefile', line 12):
	make train
	rasa interactive --config ./config/config-whiteSpace.yml

shell:
#  Implicit rule search has not been done.
#  Modification time never checked.
#  File has not been updated.
#  recipe to execute (from 'makefile', line 15):
	make train 
	rasa shell --config ./config/config-whiteSpace.yml

rabbitmq:
#  Implicit rule search has not been done.
#  Modification time never checked.
#  File has not been updated.
#  recipe to execute (from 'makefile', line 22):
	docker run -d --name rabbitmq -e RABBITMQ_DEFAULT_USER=thbmg -e RABBITMQ_DEFAULT_PASS=thbmg  -p 5672:5672 -p 15672:15672 rabbitmq:3.10-management

# files hash-table stats:
# Load=13/1024=1%, Rehash=0, Collisions=2/23=9%
# VPATH Search Paths

# No 'vpath' search paths.

# No general ('VPATH' variable) search path.

# strcache buffers: 1 (0) / strings = 40 / storage = 377 B / avg = 9 B
# current buf: size = 8162 B / used = 377 B / count = 40 / avg = 9 B

# strcache performance: lookups = 53 / hit rate = 24%
# hash-table stats:
# Load=40/8192=0%, Rehash=0, Collisions=3/53=6%
# Finished Make data base on Mon Jun 27 03:12:44 2022

 
